  logging.cpp
  PathFinding.cpp
C:\Users\frayb\source\repos\PathFinding\PathFinding.cpp(31,27): warning C4018: '<': signed/unsigned mismatch
C:\Users\frayb\source\repos\PathFinding\PathFinding.cpp(160,16): warning C4244: 'return': conversion from 'double' to 'float', possible loss of data
C:\Users\frayb\source\repos\PathFinding\PathFinding.cpp(205,27): warning C4244: '=': conversion from 'float' to 'int', possible loss of data
C:\Users\frayb\source\repos\PathFinding\PathFinding.cpp(224,49): warning C4244: 'argument': conversion from 'float' to 'int', possible loss of data
C:\Users\frayb\source\repos\PathFinding\PathFinding.cpp(226,49): warning C4244: 'argument': conversion from 'float' to 'int', possible loss of data
C:\Users\frayb\source\repos\PathFinding\PathFinding.cpp(228,49): warning C4244: 'argument': conversion from 'float' to 'int', possible loss of data
C:\Users\frayb\source\repos\PathFinding\PathFinding.cpp(230,49): warning C4244: 'argument': conversion from 'float' to 'int', possible loss of data
C:\Users\frayb\source\repos\PathFinding\PathFinding.cpp(318,9): warning C4065: switch statement contains 'default' but no 'case' labels
C:\Program Files (x86)\Microsoft Visual Studio\2019\Enterprise\VC\Tools\MSVC\14.27.29110\include\tuple(163,47): warning C4244: 'initializing': conversion from '_Ty' to '_Ty', possible loss of data
          with
          [
              _Ty=int
          ]
          and
          [
              _Ty=float
          ]
C:\Program Files (x86)\Microsoft Visual Studio\2019\Enterprise\VC\Tools\MSVC\14.27.29110\include\tuple(244): message : see reference to function template instantiation 'std::_Tuple_val<_This>::_Tuple_val<_Ty>(_Other &&)' being compiled
          with
          [
              _This=float,
              _Ty=int,
              _Other=int
          ]
C:\Program Files (x86)\Microsoft Visual Studio\2019\Enterprise\VC\Tools\MSVC\14.27.29110\include\tuple(244): message : see reference to function template instantiation 'std::_Tuple_val<_This>::_Tuple_val<_Ty>(_Other &&)' being compiled
          with
          [
              _This=float,
              _Ty=int,
              _Other=int
          ]
C:\Program Files (x86)\Microsoft Visual Studio\2019\Enterprise\VC\Tools\MSVC\14.27.29110\include\tuple(244): message : see reference to function template instantiation 'std::tuple<float>::tuple<std::_Exact_args_t,_Ty,,0>(_Tag,_This2 &&)' being compiled
          with
          [
              _Ty=int,
              _Tag=std::_Exact_args_t,
              _This2=int
          ]
C:\Program Files (x86)\Microsoft Visual Studio\2019\Enterprise\VC\Tools\MSVC\14.27.29110\include\tuple(244): message : see reference to function template instantiation 'std::tuple<float>::tuple<std::_Exact_args_t,_Ty,,0>(_Tag,_This2 &&)' being compiled
          with
          [
              _Ty=int,
              _Tag=std::_Exact_args_t,
              _This2=int
          ]
C:\Program Files (x86)\Microsoft Visual Studio\2019\Enterprise\VC\Tools\MSVC\14.27.29110\include\tuple(825): message : see reference to function template instantiation 'std::tuple<direction,float>::tuple<std::_Exact_args_t,direction,int,0>(_Tag,_This2 &&,int &&)' being compiled
          with
          [
              _Tag=std::_Exact_args_t,
              _This2=direction
          ]
C:\Program Files (x86)\Microsoft Visual Studio\2019\Enterprise\VC\Tools\MSVC\14.27.29110\include\tuple(825): message : see reference to function template instantiation 'std::tuple<direction,float>::tuple<std::_Exact_args_t,direction,int,0>(_Tag,_This2 &&,int &&)' being compiled
          with
          [
              _Tag=std::_Exact_args_t,
              _This2=direction
          ]
C:\Program Files (x86)\Microsoft Visual Studio\2019\Enterprise\VC\Tools\MSVC\14.27.29110\include\tuple(251): message : see reference to function template instantiation 'std::tuple<direction,float>::tuple<std::_Unpack_tuple_t,_Ty,0,1,0>(_Tag,_Tpl &&,std::integer_sequence<size_t,0,1>)' being compiled
          with
          [
              _Ty=std::tuple<direction,int>,
              _Tag=std::_Unpack_tuple_t,
              _Tpl=std::tuple<direction,int>
          ]
C:\Program Files (x86)\Microsoft Visual Studio\2019\Enterprise\VC\Tools\MSVC\14.27.29110\include\tuple(251): message : see reference to function template instantiation 'std::tuple<direction,float>::tuple<std::_Unpack_tuple_t,_Ty,0,1,0>(_Tag,_Tpl &&,std::integer_sequence<size_t,0,1>)' being compiled
          with
          [
              _Ty=std::tuple<direction,int>,
              _Tag=std::_Unpack_tuple_t,
              _Tpl=std::tuple<direction,int>
          ]
C:\Program Files (x86)\Microsoft Visual Studio\2019\Enterprise\VC\Tools\MSVC\14.27.29110\include\tuple(377): message : see reference to function template instantiation 'std::tuple<direction,float>::tuple<std::_Unpack_tuple_t,std::tuple<direction,int>,0>(_Tag,_Tpl &&)' being compiled
          with
          [
              _Tag=std::_Unpack_tuple_t,
              _Tpl=std::tuple<direction,int>
          ]
C:\Program Files (x86)\Microsoft Visual Studio\2019\Enterprise\VC\Tools\MSVC\14.27.29110\include\tuple(377): message : see reference to function template instantiation 'std::tuple<direction,float>::tuple<std::_Unpack_tuple_t,std::tuple<direction,int>,0>(_Tag,_Tpl &&)' being compiled
          with
          [
              _Tag=std::_Unpack_tuple_t,
              _Tpl=std::tuple<direction,int>
          ]
C:\Users\frayb\source\repos\PathFinding\PathFinding.cpp(211): message : see reference to function template instantiation 'std::tuple<direction,float>::tuple<direction,int,0>(std::tuple<direction,int> &&) noexcept' being compiled
C:\Users\frayb\source\repos\PathFinding\PathFinding.cpp(211): message : see reference to function template instantiation 'std::tuple<direction,float>::tuple<direction,int,0>(std::tuple<direction,int> &&) noexcept' being compiled
  Generating Code...
C:\Users\frayb\source\repos\PathFinding\PathFinding.cpp(129): warning C4172: returning address of local variable or temporary: saved
C:\Users\frayb\source\repos\PathFinding\PathFinding.cpp(117): warning C4172: returning address of local variable or temporary: saved
C:\Users\frayb\source\repos\PathFinding\PathFinding.cpp(153): warning C4172: returning address of local variable or temporary: saved
C:\Users\frayb\source\repos\PathFinding\PathFinding.cpp(141): warning C4172: returning address of local variable or temporary: saved
  PathFinding.vcxproj -> C:\Users\frayb\source\repos\PathFinding\Debug\PathFinding.exe
